<?xml version="1.0" encoding="UTF-8"?>
<testsuite name="com.hello.jspmvc.domain.member.MemberRepositoryTest" tests="2" skipped="0" failures="0" errors="0" timestamp="2021-03-23T10:07:35" hostname="gimseong-ug-ui-MacBookPro.local" time="0.081">
  <properties/>
  <testcase name="findAll()" classname="com.hello.jspmvc.domain.member.MemberRepositoryTest" time="0.079"/>
  <testcase name="save()" classname="com.hello.jspmvc.domain.member.MemberRepositoryTest" time="0.001"/>
  <system-out><![CDATA[]]></system-out>
  <system-err><![CDATA[]]></system-err>
</testsuite>
